  [1m[35m (34.9ms)[0m  [1m[35mCREATE TABLE "schema_migrations" ("version" character varying NOT NULL PRIMARY KEY)[0m
  [1m[35m (18.1ms)[0m  [1m[35mCREATE TABLE "ar_internal_metadata" ("key" character varying NOT NULL PRIMARY KEY, "value" character varying, "created_at" timestamp NOT NULL, "updated_at" timestamp NOT NULL)[0m
  [1m[35m (0.4ms)[0m  [1m[34mSELECT pg_try_advisory_lock(5693785466557864410)[0m
  [1m[35m (0.5ms)[0m  [1m[34mSELECT "schema_migrations"."version" FROM "schema_migrations" ORDER BY "schema_migrations"."version" ASC[0m
Migrating to CreateUsers (20180321171600)
  [1m[35m (0.1ms)[0m  [1m[35mBEGIN[0m
  [1m[35m (17.5ms)[0m  [1m[35mCREATE TABLE "users" ("id" bigserial primary key, "username" character varying, "password_digest" character varying, "email" character varying, "created_at" timestamp NOT NULL, "updated_at" timestamp NOT NULL)[0m
  [1m[35mSQL (0.8ms)[0m  [1m[32mINSERT INTO "schema_migrations" ("version") VALUES ($1) RETURNING "version"[0m  [["version", "20180321171600"]]
  [1m[35m (2.4ms)[0m  [1m[35mCOMMIT[0m
Migrating to CreatePuzzles (20180321172757)
  [1m[35m (0.4ms)[0m  [1m[35mBEGIN[0m
  [1m[35m (0.2ms)[0m  [1m[31mROLLBACK[0m
  [1m[35m (0.8ms)[0m  [1m[34mSELECT pg_advisory_unlock(5693785466557864410)[0m
  [1m[35m (0.2ms)[0m  [1m[34mSELECT pg_try_advisory_lock(5693785466557864410)[0m
  [1m[35m (0.6ms)[0m  [1m[34mSELECT "schema_migrations"."version" FROM "schema_migrations" ORDER BY "schema_migrations"."version" ASC[0m
Migrating to CreatePuzzles (20180321172757)
  [1m[35m (0.1ms)[0m  [1m[35mBEGIN[0m
  [1m[35m (0.1ms)[0m  [1m[31mROLLBACK[0m
  [1m[35m (0.4ms)[0m  [1m[34mSELECT pg_advisory_unlock(5693785466557864410)[0m
  [1m[35m (0.2ms)[0m  [1m[34mSELECT pg_try_advisory_lock(5693785466557864410)[0m
  [1m[35m (0.5ms)[0m  [1m[34mSELECT "schema_migrations"."version" FROM "schema_migrations" ORDER BY "schema_migrations"."version" ASC[0m
Migrating to CreatePuzzles (20180321172757)
  [1m[35m (0.1ms)[0m  [1m[35mBEGIN[0m
  [1m[35m (18.5ms)[0m  [1m[35mCREATE TABLE "puzzles" ("id" bigserial primary key, "name" character varying, "pieces" integer, "missing_pieces" integer, "previous_owners" character varying[], "user_id" integer, "created_at" timestamp NOT NULL, "updated_at" timestamp NOT NULL)[0m
  [1m[35mSQL (0.4ms)[0m  [1m[32mINSERT INTO "schema_migrations" ("version") VALUES ($1) RETURNING "version"[0m  [["version", "20180321172757"]]
  [1m[35m (8.4ms)[0m  [1m[35mCOMMIT[0m
Migrating to AddLocationIdToUser (20180321173141)
  [1m[35m (1.0ms)[0m  [1m[35mBEGIN[0m
  [1m[35m (0.8ms)[0m  [1m[35mALTER TABLE "users" ADD "location_id" integer[0m
  [1m[35mSQL (0.9ms)[0m  [1m[32mINSERT INTO "schema_migrations" ("version") VALUES ($1) RETURNING "version"[0m  [["version", "20180321173141"]]
  [1m[35m (2.3ms)[0m  [1m[35mCOMMIT[0m
Migrating to CreateReviews (20180321173817)
  [1m[35m (0.9ms)[0m  [1m[35mBEGIN[0m
  [1m[35m (32.0ms)[0m  [1m[35mCREATE TABLE "reviews" ("id" bigserial primary key, "rating" integer, "puzzle_id" integer, "comment" text, "user_id" integer, "created_at" timestamp NOT NULL, "updated_at" timestamp NOT NULL)[0m
  [1m[35mSQL (1.3ms)[0m  [1m[32mINSERT INTO "schema_migrations" ("version") VALUES ($1) RETURNING "version"[0m  [["version", "20180321173817"]]
  [1m[35m (8.5ms)[0m  [1m[35mCOMMIT[0m
Migrating to CreateTags (20180321174149)
  [1m[35m (0.7ms)[0m  [1m[35mBEGIN[0m
  [1m[35m (22.8ms)[0m  [1m[35mCREATE TABLE "tags" ("id" bigserial primary key, "name" character varying, "created_at" timestamp NOT NULL, "updated_at" timestamp NOT NULL)[0m
  [1m[35mSQL (0.9ms)[0m  [1m[32mINSERT INTO "schema_migrations" ("version") VALUES ($1) RETURNING "version"[0m  [["version", "20180321174149"]]
  [1m[35m (3.0ms)[0m  [1m[35mCOMMIT[0m
Migrating to CreatePuzzleTags (20180321174304)
  [1m[35m (0.3ms)[0m  [1m[35mBEGIN[0m
  [1m[35m (6.7ms)[0m  [1m[35mCREATE TABLE "puzzle_tags" ("id" bigserial primary key, "tag_id" integer, "puzzle_id" integer, "created_at" timestamp NOT NULL, "updated_at" timestamp NOT NULL)[0m
  [1m[35mSQL (0.5ms)[0m  [1m[32mINSERT INTO "schema_migrations" ("version") VALUES ($1) RETURNING "version"[0m  [["version", "20180321174304"]]
  [1m[35m (2.3ms)[0m  [1m[35mCOMMIT[0m
Migrating to CreateLocations (20180321174700)
  [1m[35m (0.2ms)[0m  [1m[35mBEGIN[0m
  [1m[35m (12.3ms)[0m  [1m[35mCREATE TABLE "locations" ("id" bigserial primary key, "city" character varying, "state" character varying, "created_at" timestamp NOT NULL, "updated_at" timestamp NOT NULL)[0m
  [1m[35mSQL (1.1ms)[0m  [1m[32mINSERT INTO "schema_migrations" ("version") VALUES ($1) RETURNING "version"[0m  [["version", "20180321174700"]]
  [1m[35m (8.8ms)[0m  [1m[35mCOMMIT[0m
  [1m[36mActiveRecord::InternalMetadata Load (0.3ms)[0m  [1m[34mSELECT  "ar_internal_metadata".* FROM "ar_internal_metadata" WHERE "ar_internal_metadata"."key" = $1 LIMIT $2[0m  [["key", "environment"], ["LIMIT", 1]]
  [1m[35m (0.4ms)[0m  [1m[35mBEGIN[0m
  [1m[35mSQL (1.2ms)[0m  [1m[32mINSERT INTO "ar_internal_metadata" ("key", "value", "created_at", "updated_at") VALUES ($1, $2, $3, $4) RETURNING "key"[0m  [["key", "environment"], ["value", "development"], ["created_at", "2018-03-21 19:12:22.471243"], ["updated_at", "2018-03-21 19:12:22.471243"]]
  [1m[35m (2.3ms)[0m  [1m[35mCOMMIT[0m
  [1m[35m (0.8ms)[0m  [1m[34mSELECT pg_advisory_unlock(5693785466557864410)[0m
  [1m[35m (0.3ms)[0m  [1m[34mSELECT "schema_migrations"."version" FROM "schema_migrations" ORDER BY "schema_migrations"."version" ASC[0m
  [1m[35m (0.3ms)[0m  [1m[35mBEGIN[0m
  [1m[36mUser Exists (1.2ms)[0m  [1m[34mSELECT  1 AS one FROM "users" WHERE "users"."email" = $1 LIMIT $2[0m  [["email", "blah@blah.com"], ["LIMIT", 1]]
  [1m[35m (0.7ms)[0m  [1m[31mROLLBACK[0m
  [1m[36mUser Load (0.6ms)[0m  [1m[34mSELECT  "users".* FROM "users" LIMIT $1[0m  [["LIMIT", 11]]
  [1m[35m (0.3ms)[0m  [1m[35mBEGIN[0m
  [1m[36mUser Exists (0.6ms)[0m  [1m[34mSELECT  1 AS one FROM "users" WHERE "users"."email" = $1 LIMIT $2[0m  [["email", "blah@blah.com"], ["LIMIT", 1]]
  [1m[35m (0.3ms)[0m  [1m[31mROLLBACK[0m
  [1m[35m (0.4ms)[0m  [1m[35mBEGIN[0m
  [1m[36mUser Exists (0.9ms)[0m  [1m[34mSELECT  1 AS one FROM "users" WHERE "users"."email" = $1 LIMIT $2[0m  [["email", "someemail@gmail.com"], ["LIMIT", 1]]
  [1m[35m (0.3ms)[0m  [1m[31mROLLBACK[0m
  [1m[35m (0.4ms)[0m  [1m[35mBEGIN[0m
  [1m[35m (0.2ms)[0m  [1m[31mROLLBACK[0m
  [1m[35m (0.4ms)[0m  [1m[35mBEGIN[0m
  [1m[35mSQL (3.1ms)[0m  [1m[32mINSERT INTO "users" ("username", "password_digest", "email", "created_at", "updated_at") VALUES ($1, $2, $3, $4, $5) RETURNING "id"[0m  [["username", "user"], ["password_digest", "$2a$10$u3K9mzb23aV4jTM5lwCqbe4ciRL9nN5/c6VgNkUi3z70t48VKofGC"], ["email", "blah@blah.com"], ["created_at", "2018-03-22 17:17:36.737038"], ["updated_at", "2018-03-22 17:17:36.737038"]]
  [1m[35m (2.5ms)[0m  [1m[35mCOMMIT[0m
  [1m[35m (0.4ms)[0m  [1m[35mBEGIN[0m
  [1m[36mPuzzle Exists (1.2ms)[0m  [1m[34mSELECT  1 AS one FROM "puzzles" WHERE "puzzles"."name" = $1 LIMIT $2[0m  [["name", "Some puzzle"], ["LIMIT", 1]]
  [1m[35m (0.7ms)[0m  [1m[31mROLLBACK[0m
  [1m[35m (0.4ms)[0m  [1m[35mBEGIN[0m
  [1m[35mSQL (0.6ms)[0m  [1m[32mINSERT INTO "users" ("username", "password_digest", "email", "created_at", "updated_at") VALUES ($1, $2, $3, $4, $5) RETURNING "id"[0m  [["username", "user"], ["password_digest", "$2a$10$FMo8grQj7hIWUWEZlF1cFumzcqj046nwcRR/DfY9AGCQsPXHvIJPK"], ["email", "blah@blah.com"], ["created_at", "2018-03-22 17:22:17.190676"], ["updated_at", "2018-03-22 17:22:17.190676"]]
  [1m[35m (9.8ms)[0m  [1m[35mCOMMIT[0m
  [1m[35m (0.2ms)[0m  [1m[35mBEGIN[0m
  [1m[36mPuzzle Exists (0.3ms)[0m  [1m[34mSELECT  1 AS one FROM "puzzles" WHERE "puzzles"."name" = $1 LIMIT $2[0m  [["name", "Some puzzle"], ["LIMIT", 1]]
  [1m[35mSQL (0.7ms)[0m  [1m[32mINSERT INTO "puzzles" ("name", "pieces", "user_id", "created_at", "updated_at") VALUES ($1, $2, $3, $4, $5) RETURNING "id"[0m  [["name", "Some puzzle"], ["pieces", 1000], ["user_id", 2], ["created_at", "2018-03-22 17:22:27.948494"], ["updated_at", "2018-03-22 17:22:27.948494"]]
  [1m[35m (3.7ms)[0m  [1m[35mCOMMIT[0m
  [1m[35m (0.3ms)[0m  [1m[35mBEGIN[0m
  [1m[36mPuzzle Exists (0.5ms)[0m  [1m[34mSELECT  1 AS one FROM "puzzles" WHERE "puzzles"."name" = $1 AND ("puzzles"."id" != $2) LIMIT $3[0m  [["name", "Some puzzle"], ["id", 1], ["LIMIT", 1]]
  [1m[35mSQL (0.5ms)[0m  [1m[33mUPDATE "puzzles" SET "previous_owners" = $1, "updated_at" = $2 WHERE "puzzles"."id" = $3[0m  [["previous_owners", "{}"], ["updated_at", "2018-03-22 17:22:50.775287"], ["id", 1]]
  [1m[35m (3.7ms)[0m  [1m[35mCOMMIT[0m
  [1m[35m (0.2ms)[0m  [1m[35mBEGIN[0m
  [1m[35mSQL (0.6ms)[0m  [1m[32mINSERT INTO "users" ("username", "password_digest", "email", "created_at", "updated_at") VALUES ($1, $2, $3, $4, $5) RETURNING "id"[0m  [["username", "user"], ["password_digest", "$2a$10$ZrMSsybsVy9jcJsSgnr/VeOTl.AkZD5Z9Ms5/g/t5KV29S2grYury"], ["email", "blah2@blah.com"], ["created_at", "2018-03-22 17:24:17.531497"], ["updated_at", "2018-03-22 17:24:17.531497"]]
  [1m[35m (4.0ms)[0m  [1m[35mCOMMIT[0m
  [1m[35m (0.4ms)[0m  [1m[35mBEGIN[0m
  [1m[36mPuzzle Exists (0.5ms)[0m  [1m[34mSELECT  1 AS one FROM "puzzles" WHERE "puzzles"."name" = $1 AND ("puzzles"."id" != $2) LIMIT $3[0m  [["name", "Some puzzle"], ["id", 1], ["LIMIT", 1]]
  [1m[35m (0.3ms)[0m  [1m[31mROLLBACK[0m
  [1m[35m (0.3ms)[0m  [1m[35mBEGIN[0m
  [1m[36mPuzzle Exists (0.8ms)[0m  [1m[34mSELECT  1 AS one FROM "puzzles" WHERE "puzzles"."name" = $1 AND ("puzzles"."id" != $2) LIMIT $3[0m  [["name", "Some puzzle"], ["id", 1], ["LIMIT", 1]]
  [1m[35m (0.3ms)[0m  [1m[31mROLLBACK[0m
  [1m[35m (0.2ms)[0m  [1m[35mBEGIN[0m
  [1m[36mPuzzle Exists (0.7ms)[0m  [1m[34mSELECT  1 AS one FROM "puzzles" WHERE "puzzles"."name" = $1 AND ("puzzles"."id" != $2) LIMIT $3[0m  [["name", "Some puzzle"], ["id", 1], ["LIMIT", 1]]
  [1m[35m (0.2ms)[0m  [1m[31mROLLBACK[0m
  [1m[35m (0.2ms)[0m  [1m[35mBEGIN[0m
  [1m[36mPuzzle Exists (0.5ms)[0m  [1m[34mSELECT  1 AS one FROM "puzzles" WHERE "puzzles"."name" = $1 AND ("puzzles"."id" != $2) LIMIT $3[0m  [["name", "Some puzzle"], ["id", 1], ["LIMIT", 1]]
  [1m[35m (0.2ms)[0m  [1m[31mROLLBACK[0m
  [1m[36mUser Load (0.3ms)[0m  [1m[34mSELECT  "users".* FROM "users" ORDER BY "users"."id" ASC LIMIT $1[0m  [["LIMIT", 1]]
  [1m[35m (0.3ms)[0m  [1m[35mBEGIN[0m
  [1m[36mPuzzle Exists (0.4ms)[0m  [1m[34mSELECT  1 AS one FROM "puzzles" WHERE "puzzles"."name" = $1 AND ("puzzles"."id" != $2) LIMIT $3[0m  [["name", "Some puzzle"], ["id", 1], ["LIMIT", 1]]
  [1m[35m (0.2ms)[0m  [1m[31mROLLBACK[0m
  [1m[35m (0.3ms)[0m  [1m[35mBEGIN[0m
  [1m[35m (0.4ms)[0m  [1m[35mCOMMIT[0m
  [1m[35m (0.3ms)[0m  [1m[35mBEGIN[0m
  [1m[35m (0.4ms)[0m  [1m[35mCOMMIT[0m
  [1m[35m (0.4ms)[0m  [1m[35mBEGIN[0m
  [1m[35m (0.5ms)[0m  [1m[35mCOMMIT[0m
  [1m[36mPuzzle Load (0.5ms)[0m  [1m[34mSELECT  "puzzles".* FROM "puzzles" WHERE "puzzles"."user_id" = $1 LIMIT $2[0m  [["user_id", 1], ["LIMIT", 11]]
  [1m[36mPuzzle Load (0.4ms)[0m  [1m[34mSELECT  "puzzles".* FROM "puzzles" WHERE "puzzles"."user_id" = $1 LIMIT $2[0m  [["user_id", 3], ["LIMIT", 11]]
  [1m[36mPuzzle Load (0.4ms)[0m  [1m[34mSELECT  "puzzles".* FROM "puzzles" WHERE "puzzles"."user_id" = $1 LIMIT $2[0m  [["user_id", 2], ["LIMIT", 11]]
  [1m[35m (0.3ms)[0m  [1m[35mBEGIN[0m
  [1m[36mPuzzle Exists (0.5ms)[0m  [1m[34mSELECT  1 AS one FROM "puzzles" WHERE "puzzles"."name" = $1 AND ("puzzles"."id" != $2) LIMIT $3[0m  [["name", "Some puzzle"], ["id", 1], ["LIMIT", 1]]
  [1m[35m (0.2ms)[0m  [1m[31mROLLBACK[0m
  [1m[35mSQL (3.9ms)[0m  [1m[31mDELETE FROM "puzzles"[0m
  [1m[36mPuzzle Load (0.3ms)[0m  [1m[34mSELECT  "puzzles".* FROM "puzzles" LIMIT $1[0m  [["LIMIT", 11]]
  [1m[35m (0.3ms)[0m  [1m[35mBEGIN[0m
  [1m[36mPuzzle Exists (0.8ms)[0m  [1m[34mSELECT  1 AS one FROM "puzzles" WHERE "puzzles"."name" = $1 LIMIT $2[0m  [["name", "cute puppies"], ["LIMIT", 1]]
  [1m[36mUser Load (0.3ms)[0m  [1m[34mSELECT  "users".* FROM "users" WHERE "users"."id" = $1 LIMIT $2[0m  [["id", 2], ["LIMIT", 1]]
  [1m[35mSQL (0.4ms)[0m  [1m[32mINSERT INTO "puzzles" ("name", "pieces", "user_id", "created_at", "updated_at") VALUES ($1, $2, $3, $4, $5) RETURNING "id"[0m  [["name", "cute puppies"], ["pieces", 1000], ["user_id", 2], ["created_at", "2018-03-22 17:41:24.268593"], ["updated_at", "2018-03-22 17:41:24.268593"]]
  [1m[35m (4.0ms)[0m  [1m[35mCOMMIT[0m
  [1m[35m (0.2ms)[0m  [1m[35mBEGIN[0m
  [1m[36mPuzzle Exists (0.7ms)[0m  [1m[34mSELECT  1 AS one FROM "puzzles" WHERE "puzzles"."name" = $1 AND ("puzzles"."id" != $2) LIMIT $3[0m  [["name", "cute puppies"], ["id", 2], ["LIMIT", 1]]
  [1m[35mSQL (0.4ms)[0m  [1m[33mUPDATE "puzzles" SET "previous_owners" = $1, "updated_at" = $2 WHERE "puzzles"."id" = $3[0m  [["previous_owners", "{}"], ["updated_at", "2018-03-22 17:42:23.494138"], ["id", 2]]
  [1m[35m (3.7ms)[0m  [1m[35mCOMMIT[0m
  [1m[36mUser Load (0.8ms)[0m  [1m[34mSELECT  "users".* FROM "users" WHERE "users"."id" = $1 LIMIT $2[0m  [["id", 1], ["LIMIT", 1]]
  [1m[35m (0.1ms)[0m  [1m[35mBEGIN[0m
  [1m[36mPuzzle Exists (0.3ms)[0m  [1m[34mSELECT  1 AS one FROM "puzzles" WHERE "puzzles"."name" = $1 AND ("puzzles"."id" != $2) LIMIT $3[0m  [["name", "cute puppies"], ["id", 2], ["LIMIT", 1]]
  [1m[35m (0.2ms)[0m  [1m[31mROLLBACK[0m
  [1m[36mPuzzle Load (0.5ms)[0m  [1m[34mSELECT  "puzzles".* FROM "puzzles" WHERE "puzzles"."user_id" = $1 LIMIT $2[0m  [["user_id", 2], ["LIMIT", 11]]
  [1m[36mPuzzle Load (0.5ms)[0m  [1m[34mSELECT  "puzzles".* FROM "puzzles" WHERE "puzzles"."user_id" = $1 LIMIT $2[0m  [["user_id", 1], ["LIMIT", 11]]
  [1m[36mPuzzle Load (0.7ms)[0m  [1m[34mSELECT  "puzzles".* FROM "puzzles" WHERE "puzzles"."user_id" = $1 LIMIT $2[0m  [["user_id", 3], ["LIMIT", 11]]
  [1m[35m (0.3ms)[0m  [1m[35mBEGIN[0m
  [1m[36mPuzzle Exists (0.4ms)[0m  [1m[34mSELECT  1 AS one FROM "puzzles" WHERE "puzzles"."name" = $1 AND ("puzzles"."id" != $2) LIMIT $3[0m  [["name", "cute puppies"], ["id", 2], ["LIMIT", 1]]
  [1m[35m (0.2ms)[0m  [1m[31mROLLBACK[0m
  [1m[36mUser Load (0.3ms)[0m  [1m[34mSELECT  "users".* FROM "users" LIMIT $1[0m  [["LIMIT", 11]]
  [1m[36mPuzzle Load (0.4ms)[0m  [1m[34mSELECT  "puzzles".* FROM "puzzles" LIMIT $1[0m  [["LIMIT", 11]]
  [1m[36mPuzzle Load (0.5ms)[0m  [1m[34mSELECT  "puzzles".* FROM "puzzles" ORDER BY "puzzles"."id" ASC LIMIT $1[0m  [["LIMIT", 1]]
  [1m[36mPuzzle Load (0.8ms)[0m  [1m[34mSELECT  "puzzles".* FROM "puzzles" ORDER BY "puzzles"."id" ASC LIMIT $1[0m  [["LIMIT", 1]]
  [1m[36mUser Load (0.3ms)[0m  [1m[34mSELECT  "users".* FROM "users" WHERE "users"."id" = $1 LIMIT $2[0m  [["id", 2], ["LIMIT", 1]]
  [1m[36mUser Load (1.0ms)[0m  [1m[34mSELECT  "users".* FROM "users" WHERE "users"."id" = $1 LIMIT $2[0m  [["id", 1], ["LIMIT", 1]]
  [1m[35m (0.2ms)[0m  [1m[35mBEGIN[0m
  [1m[36mPuzzle Exists (2.7ms)[0m  [1m[34mSELECT  1 AS one FROM "puzzles" WHERE "puzzles"."name" = $1 AND ("puzzles"."id" != $2) LIMIT $3[0m  [["name", "cute puppies"], ["id", 2], ["LIMIT", 1]]
  [1m[35m (0.4ms)[0m  [1m[31mROLLBACK[0m
  [1m[36mPuzzle Load (0.5ms)[0m  [1m[34mSELECT  "puzzles".* FROM "puzzles" ORDER BY "puzzles"."id" DESC LIMIT $1[0m  [["LIMIT", 1]]
  [1m[36mPuzzle Load (0.7ms)[0m  [1m[34mSELECT  "puzzles".* FROM "puzzles" ORDER BY "puzzles"."id" DESC LIMIT $1[0m  [["LIMIT", 1]]
  [1m[36mUser Load (0.3ms)[0m  [1m[34mSELECT  "users".* FROM "users" WHERE "users"."id" = $1 LIMIT $2[0m  [["id", 2], ["LIMIT", 1]]
  [1m[36mUser Load (0.3ms)[0m  [1m[34mSELECT  "users".* FROM "users" ORDER BY "users"."id" DESC LIMIT $1[0m  [["LIMIT", 1]]
  [1m[35m (0.4ms)[0m  [1m[35mBEGIN[0m
  [1m[35mSQL (0.6ms)[0m  [1m[33mUPDATE "puzzles" SET "user_id" = $1, "updated_at" = $2 WHERE "puzzles"."id" = $3[0m  [["user_id", 3], ["updated_at", "2018-03-23 03:28:08.491685"], ["id", 2]]
  [1m[35m (3.6ms)[0m  [1m[35mCOMMIT[0m
  [1m[35m (0.1ms)[0m  [1m[34mSELECT pg_try_advisory_lock(5693785466557864410)[0m
  [1m[35m (0.6ms)[0m  [1m[34mSELECT "schema_migrations"."version" FROM "schema_migrations" ORDER BY "schema_migrations"."version" ASC[0m
Migrating to AddAdminToUser (20180321212317)
  [1m[35m (0.1ms)[0m  [1m[35mBEGIN[0m
  [1m[35m (28.2ms)[0m  [1m[35mALTER TABLE "users" ADD "admin" boolean DEFAULT 'f'[0m
  [1m[35mSQL (0.6ms)[0m  [1m[32mINSERT INTO "schema_migrations" ("version") VALUES ($1) RETURNING "version"[0m  [["version", "20180321212317"]]
  [1m[35m (9.8ms)[0m  [1m[35mCOMMIT[0m
Migrating to ChangePreviousOwnersToIntegerArrayInPuzzles (20180323124330)
  [1m[35m (0.6ms)[0m  [1m[35mBEGIN[0m
  [1m[35m (1.6ms)[0m  [1m[35mALTER TABLE "puzzles" DROP "previous_owners"[0m
  [1m[35m (0.4ms)[0m  [1m[35mALTER TABLE "puzzles" ADD "previous_owners" integer[][0m
  [1m[35mSQL (0.3ms)[0m  [1m[32mINSERT INTO "schema_migrations" ("version") VALUES ($1) RETURNING "version"[0m  [["version", "20180323124330"]]
  [1m[35m (2.0ms)[0m  [1m[35mCOMMIT[0m
  [1m[36mActiveRecord::InternalMetadata Load (0.8ms)[0m  [1m[34mSELECT  "ar_internal_metadata".* FROM "ar_internal_metadata" WHERE "ar_internal_metadata"."key" = $1 LIMIT $2[0m  [["key", "environment"], ["LIMIT", 1]]
  [1m[35m (0.2ms)[0m  [1m[35mBEGIN[0m
  [1m[35m (0.5ms)[0m  [1m[35mCOMMIT[0m
  [1m[35m (1.4ms)[0m  [1m[34mSELECT pg_advisory_unlock(5693785466557864410)[0m
  [1m[35m (0.2ms)[0m  [1m[34mSELECT "schema_migrations"."version" FROM "schema_migrations" ORDER BY "schema_migrations"."version" ASC[0m
  [1m[36mPuzzle Load (0.3ms)[0m  [1m[34mSELECT  "puzzles".* FROM "puzzles" ORDER BY "puzzles"."id" DESC LIMIT $1[0m  [["LIMIT", 1]]
  [1m[36mPuzzle Load (0.6ms)[0m  [1m[34mSELECT  "puzzles".* FROM "puzzles" ORDER BY "puzzles"."id" ASC LIMIT $1[0m  [["LIMIT", 1]]
  [1m[36mUser Load (0.5ms)[0m  [1m[34mSELECT  "users".* FROM "users" ORDER BY "users"."id" ASC LIMIT $1[0m  [["LIMIT", 1]]
  [1m[35m (0.3ms)[0m  [1m[35mBEGIN[0m
  [1m[36mPuzzle Exists (0.6ms)[0m  [1m[34mSELECT  1 AS one FROM "puzzles" WHERE "puzzles"."name" = $1 AND ("puzzles"."id" != $2) LIMIT $3[0m  [["name", "cute puppies"], ["id", 2], ["LIMIT", 1]]
  [1m[35mSQL (0.4ms)[0m  [1m[33mUPDATE "puzzles" SET "user_id" = $1, "updated_at" = $2 WHERE "puzzles"."id" = $3[0m  [["user_id", 1], ["updated_at", "2018-03-23 12:47:05.790435"], ["id", 2]]
  [1m[35m (3.8ms)[0m  [1m[35mCOMMIT[0m
  [1m[35m (0.5ms)[0m  [1m[34mSELECT "schema_migrations"."version" FROM "schema_migrations" ORDER BY "schema_migrations"."version" ASC[0m
  [1m[35m (0.1ms)[0m  [1m[34mSELECT pg_try_advisory_lock(5693785466557864410)[0m
  [1m[35m (0.2ms)[0m  [1m[34mSELECT "schema_migrations"."version" FROM "schema_migrations" ORDER BY "schema_migrations"."version" ASC[0m
Migrating to ChangePreviousOwnersToIntegerArrayInPuzzles (20180323124330)
  [1m[35m (0.1ms)[0m  [1m[35mBEGIN[0m
  [1m[35m (0.6ms)[0m  [1m[35mALTER TABLE "puzzles" DROP "previous_owners"[0m
  [1m[35m (0.4ms)[0m  [1m[35mALTER TABLE "puzzles" ADD "previous_owners" character varying[][0m
  [1m[35mSQL (0.5ms)[0m  [1m[31mDELETE FROM "schema_migrations" WHERE "schema_migrations"."version" = $1[0m  [["version", "20180323124330"]]
  [1m[35m (8.8ms)[0m  [1m[35mCOMMIT[0m
  [1m[35m (0.7ms)[0m  [1m[34mSELECT pg_advisory_unlock(5693785466557864410)[0m
  [1m[35m (0.3ms)[0m  [1m[34mSELECT "schema_migrations"."version" FROM "schema_migrations" ORDER BY "schema_migrations"."version" ASC[0m
  [1m[35m (0.2ms)[0m  [1m[34mSELECT pg_try_advisory_lock(5693785466557864410)[0m
  [1m[35m (0.6ms)[0m  [1m[34mSELECT "schema_migrations"."version" FROM "schema_migrations" ORDER BY "schema_migrations"."version" ASC[0m
Migrating to ChangePreviousOwnersToIntegerArrayInPuzzles (20180323124330)
  [1m[35m (0.1ms)[0m  [1m[35mBEGIN[0m
  [1m[35m (0.7ms)[0m  [1m[35mALTER TABLE "puzzles" DROP "previous_owners"[0m
  [1m[35m (30.0ms)[0m  [1m[35mALTER TABLE "puzzles" ADD "previous_owners" integer[] DEFAULT '{}'[0m
  [1m[35mSQL (0.6ms)[0m  [1m[32mINSERT INTO "schema_migrations" ("version") VALUES ($1) RETURNING "version"[0m  [["version", "20180323124330"]]
  [1m[35m (10.9ms)[0m  [1m[35mCOMMIT[0m
  [1m[36mActiveRecord::InternalMetadata Load (0.3ms)[0m  [1m[34mSELECT  "ar_internal_metadata".* FROM "ar_internal_metadata" WHERE "ar_internal_metadata"."key" = $1 LIMIT $2[0m  [["key", "environment"], ["LIMIT", 1]]
  [1m[35m (0.1ms)[0m  [1m[35mBEGIN[0m
  [1m[35m (0.1ms)[0m  [1m[35mCOMMIT[0m
  [1m[35m (0.6ms)[0m  [1m[34mSELECT pg_advisory_unlock(5693785466557864410)[0m
  [1m[35m (0.4ms)[0m  [1m[34mSELECT "schema_migrations"."version" FROM "schema_migrations" ORDER BY "schema_migrations"."version" ASC[0m
  [1m[36mUser Load (0.4ms)[0m  [1m[34mSELECT  "users".* FROM "users" ORDER BY "users"."id" ASC LIMIT $1[0m  [["LIMIT", 1]]
  [1m[35m (0.3ms)[0m  [1m[35mBEGIN[0m
  [1m[36mPuzzle Exists (1.5ms)[0m  [1m[34mSELECT  1 AS one FROM "puzzles" WHERE "puzzles"."name" = $1 LIMIT $2[0m  [["name", "abstract night time scene"], ["LIMIT", 1]]
  [1m[35mSQL (0.5ms)[0m  [1m[32mINSERT INTO "puzzles" ("name", "pieces", "user_id", "created_at", "updated_at") VALUES ($1, $2, $3, $4, $5) RETURNING "id"[0m  [["name", "abstract night time scene"], ["pieces", 500], ["user_id", 1], ["created_at", "2018-03-23 13:51:16.358931"], ["updated_at", "2018-03-23 13:51:16.358931"]]
  [1m[35m (2.1ms)[0m  [1m[35mCOMMIT[0m
  [1m[36mUser Load (0.5ms)[0m  [1m[34mSELECT  "users".* FROM "users" WHERE "users"."id" = $1 LIMIT $2[0m  [["id", 2], ["LIMIT", 1]]
  [1m[35m (0.3ms)[0m  [1m[35mBEGIN[0m
  [1m[36mPuzzle Exists (0.8ms)[0m  [1m[34mSELECT  1 AS one FROM "puzzles" WHERE "puzzles"."name" = $1 AND ("puzzles"."id" != $2) LIMIT $3[0m  [["name", "abstract night time scene"], ["id", 3], ["LIMIT", 1]]
  [1m[35mSQL (0.5ms)[0m  [1m[33mUPDATE "puzzles" SET "user_id" = $1, "updated_at" = $2, "previous_owners" = $3 WHERE "puzzles"."id" = $4[0m  [["user_id", 2], ["updated_at", "2018-03-23 13:51:29.587105"], ["previous_owners", "{NULL}"], ["id", 3]]
  [1m[35m (3.7ms)[0m  [1m[35mCOMMIT[0m
  [1m[36mPuzzle Load (0.4ms)[0m  [1m[34mSELECT  "puzzles".* FROM "puzzles" ORDER BY "puzzles"."id" DESC LIMIT $1[0m  [["LIMIT", 1]]
  [1m[35m (0.2ms)[0m  [1m[35mBEGIN[0m
  [1m[35mSQL (0.4ms)[0m  [1m[31mDELETE FROM "puzzles" WHERE "puzzles"."id" = $1[0m  [["id", 3]]
  [1m[35m (3.6ms)[0m  [1m[35mCOMMIT[0m
  [1m[36mUser Load (0.4ms)[0m  [1m[34mSELECT  "users".* FROM "users" ORDER BY "users"."id" ASC LIMIT $1[0m  [["LIMIT", 1]]
  [1m[35m (0.2ms)[0m  [1m[35mBEGIN[0m
  [1m[36mPuzzle Exists (0.6ms)[0m  [1m[34mSELECT  1 AS one FROM "puzzles" WHERE "puzzles"."name" = $1 LIMIT $2[0m  [["name", "another abstract night time scene"], ["LIMIT", 1]]
  [1m[35mSQL (0.6ms)[0m  [1m[32mINSERT INTO "puzzles" ("name", "pieces", "user_id", "created_at", "updated_at") VALUES ($1, $2, $3, $4, $5) RETURNING "id"[0m  [["name", "another abstract night time scene"], ["pieces", 500], ["user_id", 1], ["created_at", "2018-03-23 13:54:02.328336"], ["updated_at", "2018-03-23 13:54:02.328336"]]
  [1m[35m (3.7ms)[0m  [1m[35mCOMMIT[0m
  [1m[36mUser Load (0.8ms)[0m  [1m[34mSELECT  "users".* FROM "users" WHERE "users"."id" = $1 LIMIT $2[0m  [["id", 2], ["LIMIT", 1]]
  [1m[35m (0.2ms)[0m  [1m[35mBEGIN[0m
  [1m[36mPuzzle Exists (0.4ms)[0m  [1m[34mSELECT  1 AS one FROM "puzzles" WHERE "puzzles"."name" = $1 AND ("puzzles"."id" != $2) LIMIT $3[0m  [["name", "another abstract night time scene"], ["id", 4], ["LIMIT", 1]]
  [1m[35mSQL (0.3ms)[0m  [1m[33mUPDATE "puzzles" SET "user_id" = $1, "updated_at" = $2, "previous_owners" = $3 WHERE "puzzles"."id" = $4[0m  [["user_id", 2], ["updated_at", "2018-03-23 13:54:32.510552"], ["previous_owners", "{NULL}"], ["id", 4]]
  [1m[35m (3.7ms)[0m  [1m[35mCOMMIT[0m
  [1m[36mPuzzle Load (0.4ms)[0m  [1m[34mSELECT  "puzzles".* FROM "puzzles" ORDER BY "puzzles"."id" DESC LIMIT $1[0m  [["LIMIT", 1]]
  [1m[35m (0.3ms)[0m  [1m[35mBEGIN[0m
  [1m[36mPuzzle Exists (1.0ms)[0m  [1m[34mSELECT  1 AS one FROM "puzzles" WHERE "puzzles"."name" = $1 AND ("puzzles"."id" != $2) LIMIT $3[0m  [["name", "another abstract night time scene"], ["id", 4], ["LIMIT", 1]]
  [1m[36mUser Load (0.6ms)[0m  [1m[34mSELECT  "users".* FROM "users" WHERE "users"."id" = $1 LIMIT $2[0m  [["id", 2], ["LIMIT", 1]]
  [1m[35mSQL (0.6ms)[0m  [1m[33mUPDATE "puzzles" SET "updated_at" = $1, "previous_owners" = $2 WHERE "puzzles"."id" = $3[0m  [["updated_at", "2018-03-23 13:58:36.403087"], ["previous_owners", "{}"], ["id", 4]]
  [1m[35m (4.0ms)[0m  [1m[35mCOMMIT[0m
  [1m[36mPuzzle Load (0.3ms)[0m  [1m[34mSELECT  "puzzles".* FROM "puzzles" ORDER BY "puzzles"."id" DESC LIMIT $1[0m  [["LIMIT", 1]]
  [1m[36mPuzzle Load (0.5ms)[0m  [1m[34mSELECT  "puzzles".* FROM "puzzles" ORDER BY "puzzles"."id" DESC LIMIT $1[0m  [["LIMIT", 1]]
  [1m[36mUser Load (0.9ms)[0m  [1m[34mSELECT  "users".* FROM "users" WHERE "users"."id" = $1 LIMIT $2[0m  [["id", 2], ["LIMIT", 1]]
  [1m[36mUser Load (0.3ms)[0m  [1m[34mSELECT  "users".* FROM "users" WHERE "users"."id" = $1 LIMIT $2[0m  [["id", 3], ["LIMIT", 1]]
  [1m[35m (0.1ms)[0m  [1m[35mBEGIN[0m
  [1m[36mPuzzle Exists (2.4ms)[0m  [1m[34mSELECT  1 AS one FROM "puzzles" WHERE "puzzles"."name" = $1 AND ("puzzles"."id" != $2) LIMIT $3[0m  [["name", "another abstract night time scene"], ["id", 4], ["LIMIT", 1]]
  [1m[35mSQL (0.6ms)[0m  [1m[33mUPDATE "puzzles" SET "user_id" = $1, "updated_at" = $2, "previous_owners" = $3 WHERE "puzzles"."id" = $4[0m  [["user_id", 3], ["updated_at", "2018-03-23 14:01:06.869030"], ["previous_owners", "{2}"], ["id", 4]]
  [1m[35m (4.1ms)[0m  [1m[35mCOMMIT[0m
  [1m[36mUser Load (0.4ms)[0m  [1m[34mSELECT  "users".* FROM "users" WHERE "users"."id" = $1 LIMIT $2[0m  [["id", 1], ["LIMIT", 1]]
  [1m[35m (0.2ms)[0m  [1m[35mBEGIN[0m
  [1m[36mPuzzle Exists (0.4ms)[0m  [1m[34mSELECT  1 AS one FROM "puzzles" WHERE "puzzles"."name" = $1 AND ("puzzles"."id" != $2) LIMIT $3[0m  [["name", "another abstract night time scene"], ["id", 4], ["LIMIT", 1]]
  [1m[35mSQL (0.5ms)[0m  [1m[33mUPDATE "puzzles" SET "user_id" = $1, "updated_at" = $2, "previous_owners" = $3 WHERE "puzzles"."id" = $4[0m  [["user_id", 1], ["updated_at", "2018-03-23 14:01:42.332839"], ["previous_owners", "{2,3}"], ["id", 4]]
  [1m[35m (3.7ms)[0m  [1m[35mCOMMIT[0m
Started GET "/" for 127.0.0.1 at 2018-03-26 12:17:59 -0400
  [1m[35m (1.0ms)[0m  [1m[34mSELECT "schema_migrations"."version" FROM "schema_migrations" ORDER BY "schema_migrations"."version" ASC[0m
Processing by Rails::WelcomeController#index as HTML
  Rendering /home/mariel/.rbenv/versions/2.3.1/lib/ruby/gems/2.3.0/gems/railties-5.1.5/lib/rails/templates/rails/welcome/index.html.erb
  Rendered /home/mariel/.rbenv/versions/2.3.1/lib/ruby/gems/2.3.0/gems/railties-5.1.5/lib/rails/templates/rails/welcome/index.html.erb (4.4ms)
Completed 200 OK in 15ms (Views: 13.5ms | ActiveRecord: 0.0ms)


Started GET "/favicon.ico" for 127.0.0.1 at 2018-03-26 12:18:00 -0400
  
ActionController::RoutingError (No route matches [GET] "/favicon.ico"):
  
actionpack (5.1.5) lib/action_dispatch/middleware/debug_exceptions.rb:63:in `call'
actionpack (5.1.5) lib/action_dispatch/middleware/show_exceptions.rb:31:in `call'
railties (5.1.5) lib/rails/rack/logger.rb:36:in `call_app'
railties (5.1.5) lib/rails/rack/logger.rb:24:in `block in call'
activesupport (5.1.5) lib/active_support/tagged_logging.rb:69:in `block in tagged'
activesupport (5.1.5) lib/active_support/tagged_logging.rb:26:in `tagged'
activesupport (5.1.5) lib/active_support/tagged_logging.rb:69:in `tagged'
railties (5.1.5) lib/rails/rack/logger.rb:24:in `call'
actionpack (5.1.5) lib/action_dispatch/middleware/remote_ip.rb:79:in `call'
actionpack (5.1.5) lib/action_dispatch/middleware/request_id.rb:25:in `call'
rack (2.0.4) lib/rack/runtime.rb:22:in `call'
activesupport (5.1.5) lib/active_support/cache/strategy/local_cache_middleware.rb:27:in `call'
actionpack (5.1.5) lib/action_dispatch/middleware/executor.rb:12:in `call'
actionpack (5.1.5) lib/action_dispatch/middleware/static.rb:125:in `call'
rack (2.0.4) lib/rack/sendfile.rb:111:in `call'
railties (5.1.5) lib/rails/engine.rb:522:in `call'
puma (3.11.3) lib/puma/configuration.rb:225:in `call'
puma (3.11.3) lib/puma/server.rb:624:in `handle_request'
puma (3.11.3) lib/puma/server.rb:438:in `process_client'
puma (3.11.3) lib/puma/server.rb:302:in `block in run'
puma (3.11.3) lib/puma/thread_pool.rb:120:in `block in spawn_thread'
Started GET "/favicon.ico" for 127.0.0.1 at 2018-03-26 12:18:00 -0400
  
ActionController::RoutingError (No route matches [GET] "/favicon.ico"):
  
actionpack (5.1.5) lib/action_dispatch/middleware/debug_exceptions.rb:63:in `call'
actionpack (5.1.5) lib/action_dispatch/middleware/show_exceptions.rb:31:in `call'
railties (5.1.5) lib/rails/rack/logger.rb:36:in `call_app'
railties (5.1.5) lib/rails/rack/logger.rb:24:in `block in call'
activesupport (5.1.5) lib/active_support/tagged_logging.rb:69:in `block in tagged'
activesupport (5.1.5) lib/active_support/tagged_logging.rb:26:in `tagged'
activesupport (5.1.5) lib/active_support/tagged_logging.rb:69:in `tagged'
railties (5.1.5) lib/rails/rack/logger.rb:24:in `call'
actionpack (5.1.5) lib/action_dispatch/middleware/remote_ip.rb:79:in `call'
actionpack (5.1.5) lib/action_dispatch/middleware/request_id.rb:25:in `call'
rack (2.0.4) lib/rack/runtime.rb:22:in `call'
activesupport (5.1.5) lib/active_support/cache/strategy/local_cache_middleware.rb:27:in `call'
actionpack (5.1.5) lib/action_dispatch/middleware/executor.rb:12:in `call'
actionpack (5.1.5) lib/action_dispatch/middleware/static.rb:125:in `call'
rack (2.0.4) lib/rack/sendfile.rb:111:in `call'
railties (5.1.5) lib/rails/engine.rb:522:in `call'
puma (3.11.3) lib/puma/configuration.rb:225:in `call'
puma (3.11.3) lib/puma/server.rb:624:in `handle_request'
puma (3.11.3) lib/puma/server.rb:438:in `process_client'
puma (3.11.3) lib/puma/server.rb:302:in `block in run'
puma (3.11.3) lib/puma/thread_pool.rb:120:in `block in spawn_thread'
Started GET "/users.json" for 127.0.0.1 at 2018-03-26 12:18:11 -0400
  
ActionController::RoutingError (undefined method `protect_from_forgery' for ApplicationController:Class):
  
app/controllers/application_controller.rb:2:in `<class:ApplicationController>'
app/controllers/application_controller.rb:1:in `<top (required)>'
app/controllers/users_controller.rb:1:in `<top (required)>'
Started GET "/users.json" for 127.0.0.1 at 2018-03-26 12:18:50 -0400
Processing by UsersController#index as JSON
  [1m[36mUser Load (1.6ms)[0m  [1m[34mSELECT "users".* FROM "users"[0m
Completed 200 OK in 40ms (Views: 17.3ms | ActiveRecord: 8.7ms)


Started GET "/puzzles.json" for 127.0.0.1 at 2018-03-26 12:40:28 -0400
Processing by PuzzlesController#index as JSON
  [1m[36mPuzzle Load (2.8ms)[0m  [1m[34mSELECT "puzzles".* FROM "puzzles"[0m
Completed 200 OK in 27ms (Views: 13.1ms | ActiveRecord: 6.4ms)


  [1m[36mUser Load (0.4ms)[0m  [1m[34mSELECT  "users".* FROM "users" ORDER BY "users"."id" ASC LIMIT $1[0m  [["LIMIT", 1]]
  [1m[35m (0.4ms)[0m  [1m[35mBEGIN[0m
  [1m[35mSQL (3.1ms)[0m  [1m[32mINSERT INTO "locations" ("city", "state", "created_at", "updated_at") VALUES ($1, $2, $3, $4) RETURNING "id"[0m  [["city", "Brooklyn"], ["state", "NY"], ["created_at", "2018-03-26 18:00:06.214071"], ["updated_at", "2018-03-26 18:00:06.214071"]]
  [1m[35m (4.2ms)[0m  [1m[35mCOMMIT[0m
  [1m[36mUser Load (0.7ms)[0m  [1m[34mSELECT  "users".* FROM "users" ORDER BY "users"."id" ASC LIMIT $1[0m  [["LIMIT", 1]]
  [1m[36mUser Load (0.8ms)[0m  [1m[34mSELECT  "users".* FROM "users" ORDER BY "users"."id" ASC LIMIT $1[0m  [["LIMIT", 1]]
  [1m[36mUser Load (0.5ms)[0m  [1m[34mSELECT  "users".* FROM "users" ORDER BY "users"."id" ASC LIMIT $1[0m  [["LIMIT", 1]]
  [1m[35m (0.2ms)[0m  [1m[35mBEGIN[0m
  [1m[36mUser Exists (0.8ms)[0m  [1m[34mSELECT  1 AS one FROM "users" WHERE "users"."email" = $1 AND ("users"."id" != $2) LIMIT $3[0m  [["email", "blah@blah.com"], ["id", 1], ["LIMIT", 1]]
  [1m[35m (0.2ms)[0m  [1m[31mROLLBACK[0m
  [1m[36mUser Load (0.8ms)[0m  [1m[34mSELECT  "users".* FROM "users" ORDER BY "users"."id" ASC LIMIT $1[0m  [["LIMIT", 1]]
  [1m[36mUser Load (1.0ms)[0m  [1m[34mSELECT  "users".* FROM "users" ORDER BY "users"."id" ASC LIMIT $1[0m  [["LIMIT", 1]]
  [1m[36mUser Load (0.7ms)[0m  [1m[34mSELECT  "users".* FROM "users" ORDER BY "users"."id" ASC LIMIT $1[0m  [["LIMIT", 1]]
  [1m[35m (0.4ms)[0m  [1m[35mBEGIN[0m
  [1m[36mUser Exists (0.4ms)[0m  [1m[34mSELECT  1 AS one FROM "users" WHERE "users"."email" = $1 AND ("users"."id" != $2) LIMIT $3[0m  [["email", "blah@blah.com"], ["id", 1], ["LIMIT", 1]]
  [1m[35m (0.2ms)[0m  [1m[31mROLLBACK[0m
  [1m[36mUser Load (0.7ms)[0m  [1m[34mSELECT  "users".* FROM "users" ORDER BY "users"."id" ASC LIMIT $1[0m  [["LIMIT", 1]]
  [1m[35m (0.4ms)[0m  [1m[35mBEGIN[0m
  [1m[35m (0.6ms)[0m  [1m[35mCOMMIT[0m
  [1m[36mUser Load (0.6ms)[0m  [1m[34mSELECT  "users".* FROM "users" ORDER BY "users"."id" ASC LIMIT $1[0m  [["LIMIT", 1]]
  [1m[36mUser Load (0.4ms)[0m  [1m[34mSELECT  "users".* FROM "users" ORDER BY "users"."id" ASC LIMIT $1[0m  [["LIMIT", 1]]
  [1m[36mUser Load (0.5ms)[0m  [1m[34mSELECT  "users".* FROM "users" ORDER BY "users"."id" ASC LIMIT $1[0m  [["LIMIT", 1]]
  [1m[35m (0.4ms)[0m  [1m[35mBEGIN[0m
  [1m[36mUser Exists (0.6ms)[0m  [1m[34mSELECT  1 AS one FROM "users" WHERE "users"."email" = $1 AND ("users"."id" != $2) LIMIT $3[0m  [["email", "blah@blah.com"], ["id", 1], ["LIMIT", 1]]
  [1m[35m (0.3ms)[0m  [1m[31mROLLBACK[0m
  [1m[35m (0.3ms)[0m  [1m[35mBEGIN[0m
  [1m[36mUser Exists (0.7ms)[0m  [1m[34mSELECT  1 AS one FROM "users" WHERE "users"."email" = $1 AND ("users"."id" != $2) LIMIT $3[0m  [["email", "somethingesle@bah.com"], ["id", 1], ["LIMIT", 1]]
  [1m[35mSQL (0.6ms)[0m  [1m[33mUPDATE "users" SET "email" = $1, "updated_at" = $2, "location_id" = $3 WHERE "users"."id" = $4[0m  [["email", "somethingesle@bah.com"], ["updated_at", "2018-03-26 18:04:43.278795"], ["location_id", 1], ["id", 1]]
  [1m[35m (4.8ms)[0m  [1m[35mCOMMIT[0m
Started GET "/locations.json" for 127.0.0.1 at 2018-03-26 15:14:52 -0400
Processing by LocationsController#index as JSON
  [1m[36mLocation Load (0.5ms)[0m  [1m[34mSELECT "locations".* FROM "locations"[0m
Completed 200 OK in 15ms (Views: 5.6ms | ActiveRecord: 4.1ms)


Started GET "/locations.json" for 127.0.0.1 at 2018-03-26 15:31:53 -0400
  [1m[35m (0.9ms)[0m  [1m[34mSELECT "schema_migrations"."version" FROM "schema_migrations" ORDER BY "schema_migrations"."version" ASC[0m
Processing by LocationsController#index as JSON
  [1m[36mLocation Load (2.0ms)[0m  [1m[34mSELECT "locations".* FROM "locations"[0m
Completed 200 OK in 32ms (Views: 13.7ms | ActiveRecord: 6.7ms)


Started GET "/favicon.ico" for 127.0.0.1 at 2018-03-26 15:31:54 -0400
  
ActionController::RoutingError (No route matches [GET] "/favicon.ico"):
  
actionpack (5.1.5) lib/action_dispatch/middleware/debug_exceptions.rb:63:in `call'
actionpack (5.1.5) lib/action_dispatch/middleware/show_exceptions.rb:31:in `call'
railties (5.1.5) lib/rails/rack/logger.rb:36:in `call_app'
railties (5.1.5) lib/rails/rack/logger.rb:24:in `block in call'
activesupport (5.1.5) lib/active_support/tagged_logging.rb:69:in `block in tagged'
activesupport (5.1.5) lib/active_support/tagged_logging.rb:26:in `tagged'
activesupport (5.1.5) lib/active_support/tagged_logging.rb:69:in `tagged'
railties (5.1.5) lib/rails/rack/logger.rb:24:in `call'
actionpack (5.1.5) lib/action_dispatch/middleware/remote_ip.rb:79:in `call'
actionpack (5.1.5) lib/action_dispatch/middleware/request_id.rb:25:in `call'
rack (2.0.4) lib/rack/runtime.rb:22:in `call'
activesupport (5.1.5) lib/active_support/cache/strategy/local_cache_middleware.rb:27:in `call'
actionpack (5.1.5) lib/action_dispatch/middleware/executor.rb:12:in `call'
actionpack (5.1.5) lib/action_dispatch/middleware/static.rb:125:in `call'
rack (2.0.4) lib/rack/sendfile.rb:111:in `call'
railties (5.1.5) lib/rails/engine.rb:522:in `call'
puma (3.11.3) lib/puma/configuration.rb:225:in `call'
puma (3.11.3) lib/puma/server.rb:624:in `handle_request'
puma (3.11.3) lib/puma/server.rb:438:in `process_client'
puma (3.11.3) lib/puma/server.rb:302:in `block in run'
puma (3.11.3) lib/puma/thread_pool.rb:120:in `block in spawn_thread'
Started GET "/favicon.ico" for 127.0.0.1 at 2018-03-26 15:31:54 -0400
  
ActionController::RoutingError (No route matches [GET] "/favicon.ico"):
  
actionpack (5.1.5) lib/action_dispatch/middleware/debug_exceptions.rb:63:in `call'
actionpack (5.1.5) lib/action_dispatch/middleware/show_exceptions.rb:31:in `call'
railties (5.1.5) lib/rails/rack/logger.rb:36:in `call_app'
railties (5.1.5) lib/rails/rack/logger.rb:24:in `block in call'
activesupport (5.1.5) lib/active_support/tagged_logging.rb:69:in `block in tagged'
activesupport (5.1.5) lib/active_support/tagged_logging.rb:26:in `tagged'
activesupport (5.1.5) lib/active_support/tagged_logging.rb:69:in `tagged'
railties (5.1.5) lib/rails/rack/logger.rb:24:in `call'
actionpack (5.1.5) lib/action_dispatch/middleware/remote_ip.rb:79:in `call'
actionpack (5.1.5) lib/action_dispatch/middleware/request_id.rb:25:in `call'
rack (2.0.4) lib/rack/runtime.rb:22:in `call'
activesupport (5.1.5) lib/active_support/cache/strategy/local_cache_middleware.rb:27:in `call'
actionpack (5.1.5) lib/action_dispatch/middleware/executor.rb:12:in `call'
actionpack (5.1.5) lib/action_dispatch/middleware/static.rb:125:in `call'
rack (2.0.4) lib/rack/sendfile.rb:111:in `call'
railties (5.1.5) lib/rails/engine.rb:522:in `call'
puma (3.11.3) lib/puma/configuration.rb:225:in `call'
puma (3.11.3) lib/puma/server.rb:624:in `handle_request'
puma (3.11.3) lib/puma/server.rb:438:in `process_client'
puma (3.11.3) lib/puma/server.rb:302:in `block in run'
puma (3.11.3) lib/puma/thread_pool.rb:120:in `block in spawn_thread'
Started GET "/puzzles" for 127.0.0.1 at 2018-03-26 15:46:09 -0400
  
SyntaxError (/home/mariel/Flatiron School/jigswap/app/controllers/puzzles_controller.rb:42: syntax error, unexpected ')', expecting =>):
  
app/controllers/puzzles_controller.rb:42: syntax error, unexpected ')', expecting =>
Started GET "/puzzles.json" for 127.0.0.1 at 2018-03-26 15:46:29 -0400
  
SyntaxError (/home/mariel/Flatiron School/jigswap/app/controllers/puzzles_controller.rb:42: syntax error, unexpected ')', expecting =>):
  
app/controllers/puzzles_controller.rb:42: syntax error, unexpected ')', expecting =>
Started GET "/puzzles.json" for 127.0.0.1 at 2018-03-26 15:46:32 -0400
  
SyntaxError (/home/mariel/Flatiron School/jigswap/app/controllers/puzzles_controller.rb:42: syntax error, unexpected ')', expecting =>):
  
app/controllers/puzzles_controller.rb:42: syntax error, unexpected ')', expecting =>
Started GET "/puzzles.json" for 127.0.0.1 at 2018-03-26 15:48:12 -0400
Processing by PuzzlesController#index as JSON
  [1m[36mPuzzle Load (1.2ms)[0m  [1m[34mSELECT "puzzles".* FROM "puzzles"[0m
Completed 200 OK in 63ms (Views: 31.4ms | ActiveRecord: 7.2ms)


Started GET "/puzzles.json" for 127.0.0.1 at 2018-03-26 15:52:24 -0400
Processing by PuzzlesController#index as JSON
  [1m[36mPuzzle Load (0.4ms)[0m  [1m[34mSELECT "puzzles".* FROM "puzzles"[0m
Completed 200 OK in 4ms (Views: 3.1ms | ActiveRecord: 0.4ms)


Started GET "/puzzles.json" for 127.0.0.1 at 2018-03-26 15:53:01 -0400
Processing by PuzzlesController#index as JSON
  [1m[36mPuzzle Load (0.4ms)[0m  [1m[34mSELECT "puzzles".* FROM "puzzles"[0m
Completed 200 OK in 4ms (Views: 3.2ms | ActiveRecord: 0.4ms)


Started GET "/puzzles.json" for 127.0.0.1 at 2018-03-27 10:36:41 -0400
  [1m[35m (1.0ms)[0m  [1m[34mSELECT "schema_migrations"."version" FROM "schema_migrations" ORDER BY "schema_migrations"."version" ASC[0m
Processing by PuzzlesController#index as JSON
  [1m[36mPuzzle Load (1.4ms)[0m  [1m[34mSELECT "puzzles".* FROM "puzzles"[0m
Completed 200 OK in 40ms (Views: 17.3ms | ActiveRecord: 6.8ms)


Started GET "/" for 127.0.0.1 at 2018-03-27 10:37:03 -0400
Processing by Rails::WelcomeController#index as HTML
  Rendering /home/mariel/.rbenv/versions/2.3.1/lib/ruby/gems/2.3.0/gems/railties-5.1.5/lib/rails/templates/rails/welcome/index.html.erb
  Rendered /home/mariel/.rbenv/versions/2.3.1/lib/ruby/gems/2.3.0/gems/railties-5.1.5/lib/rails/templates/rails/welcome/index.html.erb (4.0ms)
Completed 200 OK in 13ms (Views: 9.7ms | ActiveRecord: 0.0ms)


Started GET "/favicon.ico" for 127.0.0.1 at 2018-03-27 10:37:03 -0400
  
ActionController::RoutingError (No route matches [GET] "/favicon.ico"):
  
actionpack (5.1.5) lib/action_dispatch/middleware/debug_exceptions.rb:63:in `call'
actionpack (5.1.5) lib/action_dispatch/middleware/show_exceptions.rb:31:in `call'
railties (5.1.5) lib/rails/rack/logger.rb:36:in `call_app'
railties (5.1.5) lib/rails/rack/logger.rb:24:in `block in call'
activesupport (5.1.5) lib/active_support/tagged_logging.rb:69:in `block in tagged'
activesupport (5.1.5) lib/active_support/tagged_logging.rb:26:in `tagged'
activesupport (5.1.5) lib/active_support/tagged_logging.rb:69:in `tagged'
railties (5.1.5) lib/rails/rack/logger.rb:24:in `call'
actionpack (5.1.5) lib/action_dispatch/middleware/remote_ip.rb:79:in `call'
actionpack (5.1.5) lib/action_dispatch/middleware/request_id.rb:25:in `call'
rack (2.0.4) lib/rack/runtime.rb:22:in `call'
activesupport (5.1.5) lib/active_support/cache/strategy/local_cache_middleware.rb:27:in `call'
actionpack (5.1.5) lib/action_dispatch/middleware/executor.rb:12:in `call'
actionpack (5.1.5) lib/action_dispatch/middleware/static.rb:125:in `call'
rack (2.0.4) lib/rack/sendfile.rb:111:in `call'
railties (5.1.5) lib/rails/engine.rb:522:in `call'
puma (3.11.3) lib/puma/configuration.rb:225:in `call'
puma (3.11.3) lib/puma/server.rb:624:in `handle_request'
puma (3.11.3) lib/puma/server.rb:438:in `process_client'
puma (3.11.3) lib/puma/server.rb:302:in `block in run'
puma (3.11.3) lib/puma/thread_pool.rb:120:in `block in spawn_thread'
Started GET "/favicon.ico" for 127.0.0.1 at 2018-03-27 10:37:03 -0400
  
ActionController::RoutingError (No route matches [GET] "/favicon.ico"):
  
actionpack (5.1.5) lib/action_dispatch/middleware/debug_exceptions.rb:63:in `call'
actionpack (5.1.5) lib/action_dispatch/middleware/show_exceptions.rb:31:in `call'
railties (5.1.5) lib/rails/rack/logger.rb:36:in `call_app'
railties (5.1.5) lib/rails/rack/logger.rb:24:in `block in call'
activesupport (5.1.5) lib/active_support/tagged_logging.rb:69:in `block in tagged'
activesupport (5.1.5) lib/active_support/tagged_logging.rb:26:in `tagged'
activesupport (5.1.5) lib/active_support/tagged_logging.rb:69:in `tagged'
railties (5.1.5) lib/rails/rack/logger.rb:24:in `call'
actionpack (5.1.5) lib/action_dispatch/middleware/remote_ip.rb:79:in `call'
actionpack (5.1.5) lib/action_dispatch/middleware/request_id.rb:25:in `call'
rack (2.0.4) lib/rack/runtime.rb:22:in `call'
activesupport (5.1.5) lib/active_support/cache/strategy/local_cache_middleware.rb:27:in `call'
actionpack (5.1.5) lib/action_dispatch/middleware/executor.rb:12:in `call'
actionpack (5.1.5) lib/action_dispatch/middleware/static.rb:125:in `call'
rack (2.0.4) lib/rack/sendfile.rb:111:in `call'
railties (5.1.5) lib/rails/engine.rb:522:in `call'
puma (3.11.3) lib/puma/configuration.rb:225:in `call'
puma (3.11.3) lib/puma/server.rb:624:in `handle_request'
puma (3.11.3) lib/puma/server.rb:438:in `process_client'
puma (3.11.3) lib/puma/server.rb:302:in `block in run'
puma (3.11.3) lib/puma/thread_pool.rb:120:in `block in spawn_thread'
Started GET "/puzzles.json" for 127.0.0.1 at 2018-03-27 10:37:13 -0400
Processing by PuzzlesController#index as JSON
  [1m[36mPuzzle Load (1.6ms)[0m  [1m[34mSELECT "puzzles".* FROM "puzzles"[0m
Completed 200 OK in 20ms (Views: 12.1ms | ActiveRecord: 6.9ms)


Started GET "/puzzles.json" for 127.0.0.1 at 2018-03-27 10:38:31 -0400
Processing by PuzzlesController#index as JSON
  [1m[36mPuzzle Load (0.4ms)[0m  [1m[34mSELECT "puzzles".* FROM "puzzles"[0m
Completed 200 OK in 2ms (Views: 1.3ms | ActiveRecord: 0.4ms)


Started GET "/puzzles.json" for 127.0.0.1 at 2018-03-27 10:40:53 -0400
Processing by PuzzlesController#index as JSON
  [1m[36mPuzzle Load (0.4ms)[0m  [1m[34mSELECT "puzzles".* FROM "puzzles"[0m
Completed 200 OK in 3ms (Views: 2.7ms | ActiveRecord: 0.4ms)


Started GET "/puzzles.json" for 127.0.0.1 at 2018-03-27 10:41:04 -0400
Processing by PuzzlesController#index as JSON
  [1m[36mPuzzle Load (0.4ms)[0m  [1m[34mSELECT "puzzles".* FROM "puzzles"[0m
Completed 200 OK in 3ms (Views: 2.1ms | ActiveRecord: 0.4ms)


Started GET "/puzzles.json" for 127.0.0.1 at 2018-03-27 10:41:59 -0400
Processing by PuzzlesController#index as JSON
  [1m[36mPuzzle Load (0.5ms)[0m  [1m[34mSELECT "puzzles".* FROM "puzzles"[0m
Completed 200 OK in 4ms (Views: 3.1ms | ActiveRecord: 0.5ms)


Started GET "/puzzles.json" for 127.0.0.1 at 2018-03-27 10:51:14 -0400
Processing by PuzzlesController#index as JSON
  [1m[36mPuzzle Load (0.3ms)[0m  [1m[34mSELECT "puzzles".* FROM "puzzles"[0m
Completed 200 OK in 3ms (Views: 2.5ms | ActiveRecord: 0.3ms)


Started GET "/puzzles.json" for 127.0.0.1 at 2018-03-27 10:52:17 -0400
Processing by PuzzlesController#index as JSON
  [1m[36mPuzzle Load (0.4ms)[0m  [1m[34mSELECT "puzzles".* FROM "puzzles"[0m
Completed 200 OK in 3ms (Views: 2.3ms | ActiveRecord: 0.4ms)


Started GET "/puzzles.json" for 127.0.0.1 at 2018-03-27 10:59:29 -0400
  [1m[35m (0.6ms)[0m  [1m[34mSELECT "schema_migrations"."version" FROM "schema_migrations" ORDER BY "schema_migrations"."version" ASC[0m
Processing by PuzzlesController#index as JSON
  [1m[36mPuzzle Load (0.5ms)[0m  [1m[34mSELECT "puzzles".* FROM "puzzles"[0m
Completed 200 OK in 49ms (Views: 28.5ms | ActiveRecord: 6.8ms)


Started GET "/favicon.ico" for 127.0.0.1 at 2018-03-27 10:59:30 -0400
  
ActionController::RoutingError (No route matches [GET] "/favicon.ico"):
  
actionpack (5.1.5) lib/action_dispatch/middleware/debug_exceptions.rb:63:in `call'
actionpack (5.1.5) lib/action_dispatch/middleware/show_exceptions.rb:31:in `call'
railties (5.1.5) lib/rails/rack/logger.rb:36:in `call_app'
railties (5.1.5) lib/rails/rack/logger.rb:24:in `block in call'
activesupport (5.1.5) lib/active_support/tagged_logging.rb:69:in `block in tagged'
activesupport (5.1.5) lib/active_support/tagged_logging.rb:26:in `tagged'
activesupport (5.1.5) lib/active_support/tagged_logging.rb:69:in `tagged'
railties (5.1.5) lib/rails/rack/logger.rb:24:in `call'
actionpack (5.1.5) lib/action_dispatch/middleware/remote_ip.rb:79:in `call'
actionpack (5.1.5) lib/action_dispatch/middleware/request_id.rb:25:in `call'
rack (2.0.4) lib/rack/runtime.rb:22:in `call'
activesupport (5.1.5) lib/active_support/cache/strategy/local_cache_middleware.rb:27:in `call'
actionpack (5.1.5) lib/action_dispatch/middleware/executor.rb:12:in `call'
actionpack (5.1.5) lib/action_dispatch/middleware/static.rb:125:in `call'
rack (2.0.4) lib/rack/sendfile.rb:111:in `call'
rack-cors (1.0.2) lib/rack/cors.rb:97:in `call'
railties (5.1.5) lib/rails/engine.rb:522:in `call'
puma (3.11.3) lib/puma/configuration.rb:225:in `call'
puma (3.11.3) lib/puma/server.rb:624:in `handle_request'
puma (3.11.3) lib/puma/server.rb:438:in `process_client'
puma (3.11.3) lib/puma/server.rb:302:in `block in run'
puma (3.11.3) lib/puma/thread_pool.rb:120:in `block in spawn_thread'
Started GET "/puzzles.json" for 127.0.0.1 at 2018-03-27 11:00:00 -0400
Processing by PuzzlesController#index as JSON
  [1m[36mPuzzle Load (0.3ms)[0m  [1m[34mSELECT "puzzles".* FROM "puzzles"[0m
Completed 200 OK in 4ms (Views: 3.3ms | ActiveRecord: 0.3ms)


Started GET "/puzzles.json" for 127.0.0.1 at 2018-03-27 11:00:05 -0400
Processing by PuzzlesController#index as JSON
  [1m[36mPuzzle Load (0.4ms)[0m  [1m[34mSELECT "puzzles".* FROM "puzzles"[0m
Completed 200 OK in 3ms (Views: 2.0ms | ActiveRecord: 0.4ms)


Started GET "/puzzles.json" for 127.0.0.1 at 2018-03-27 11:01:20 -0400
  [1m[35m (0.6ms)[0m  [1m[34mSELECT "schema_migrations"."version" FROM "schema_migrations" ORDER BY "schema_migrations"."version" ASC[0m
Processing by PuzzlesController#index as JSON
  [1m[36mPuzzle Load (0.9ms)[0m  [1m[34mSELECT "puzzles".* FROM "puzzles"[0m
Completed 200 OK in 62ms (Views: 25.3ms | ActiveRecord: 10.6ms)


Started GET "/puzzles.json" for 127.0.0.1 at 2018-03-27 11:05:54 -0400
Processing by PuzzlesController#index as JSON
  [1m[36mPuzzle Load (2.5ms)[0m  [1m[34mSELECT "puzzles".* FROM "puzzles"[0m
Completed 200 OK in 27ms (Views: 15.8ms | ActiveRecord: 10.2ms)


Started GET "/puzzles.json" for 127.0.0.1 at 2018-03-27 11:07:12 -0400
Processing by PuzzlesController#index as JSON
  [1m[36mPuzzle Load (0.3ms)[0m  [1m[34mSELECT "puzzles".* FROM "puzzles"[0m
Completed 200 OK in 3ms (Views: 2.1ms | ActiveRecord: 0.3ms)


Started GET "/puzzles.json" for 127.0.0.1 at 2018-03-27 11:07:49 -0400
Processing by PuzzlesController#index as JSON
  [1m[36mPuzzle Load (0.4ms)[0m  [1m[34mSELECT "puzzles".* FROM "puzzles"[0m
Completed 200 OK in 3ms (Views: 2.4ms | ActiveRecord: 0.4ms)


Started GET "/puzzles.json" for 127.0.0.1 at 2018-03-27 11:08:34 -0400
Processing by PuzzlesController#index as JSON
  [1m[36mPuzzle Load (0.4ms)[0m  [1m[34mSELECT "puzzles".* FROM "puzzles"[0m
Completed 200 OK in 4ms (Views: 3.0ms | ActiveRecord: 0.4ms)


Started GET "/puzzles.json" for 127.0.0.1 at 2018-03-27 11:09:15 -0400
Processing by PuzzlesController#index as JSON
  [1m[36mPuzzle Load (0.4ms)[0m  [1m[34mSELECT "puzzles".* FROM "puzzles"[0m
Completed 200 OK in 3ms (Views: 2.3ms | ActiveRecord: 0.4ms)


Started GET "/puzzles.json" for 127.0.0.1 at 2018-03-27 11:09:46 -0400
Processing by PuzzlesController#index as JSON
  [1m[36mPuzzle Load (0.5ms)[0m  [1m[34mSELECT "puzzles".* FROM "puzzles"[0m
Completed 200 OK in 6ms (Views: 4.9ms | ActiveRecord: 0.5ms)


Started GET "/puzzles.json" for 127.0.0.1 at 2018-03-27 11:09:50 -0400
Processing by PuzzlesController#index as JSON
  [1m[36mPuzzle Load (0.4ms)[0m  [1m[34mSELECT "puzzles".* FROM "puzzles"[0m
Completed 200 OK in 3ms (Views: 2.5ms | ActiveRecord: 0.4ms)


Started GET "/puzzles.json" for 127.0.0.1 at 2018-03-27 11:10:12 -0400
Processing by PuzzlesController#index as JSON
  [1m[36mPuzzle Load (0.4ms)[0m  [1m[34mSELECT "puzzles".* FROM "puzzles"[0m
Completed 200 OK in 4ms (Views: 2.6ms | ActiveRecord: 0.4ms)


Started GET "/puzzles.json" for 127.0.0.1 at 2018-03-27 11:10:45 -0400
Processing by PuzzlesController#index as JSON
  [1m[36mPuzzle Load (0.4ms)[0m  [1m[34mSELECT "puzzles".* FROM "puzzles"[0m
Completed 200 OK in 6ms (Views: 4.8ms | ActiveRecord: 0.4ms)


Started GET "/puzzles.json" for 127.0.0.1 at 2018-03-27 11:11:01 -0400
Processing by PuzzlesController#index as JSON
  [1m[36mPuzzle Load (0.4ms)[0m  [1m[34mSELECT "puzzles".* FROM "puzzles"[0m
Completed 200 OK in 3ms (Views: 2.0ms | ActiveRecord: 0.4ms)


Started GET "/puzzles.json" for 127.0.0.1 at 2018-03-27 11:11:57 -0400
Processing by PuzzlesController#index as JSON
  [1m[36mPuzzle Load (0.4ms)[0m  [1m[34mSELECT "puzzles".* FROM "puzzles"[0m
Completed 200 OK in 4ms (Views: 2.7ms | ActiveRecord: 0.4ms)


Started GET "/puzzles.json" for 127.0.0.1 at 2018-03-27 11:12:26 -0400
Processing by PuzzlesController#index as JSON
  [1m[36mPuzzle Load (0.4ms)[0m  [1m[34mSELECT "puzzles".* FROM "puzzles"[0m
Completed 200 OK in 3ms (Views: 2.2ms | ActiveRecord: 0.4ms)


Started GET "/puzzles.json" for 127.0.0.1 at 2018-03-27 11:51:04 -0400
Processing by PuzzlesController#index as JSON
  [1m[36mPuzzle Load (0.3ms)[0m  [1m[34mSELECT "puzzles".* FROM "puzzles"[0m
Completed 200 OK in 3ms (Views: 1.9ms | ActiveRecord: 0.3ms)


Started GET "/puzzles.json" for 127.0.0.1 at 2018-03-27 14:25:32 -0400
Processing by PuzzlesController#index as JSON
  [1m[36mPuzzle Load (2.0ms)[0m  [1m[34mSELECT "puzzles".* FROM "puzzles"[0m
Completed 200 OK in 11ms (Views: 8.9ms | ActiveRecord: 2.0ms)


Started GET "/puzzles.json" for 127.0.0.1 at 2018-03-27 14:25:45 -0400
Processing by PuzzlesController#index as JSON
  [1m[36mPuzzle Load (1.4ms)[0m  [1m[34mSELECT "puzzles".* FROM "puzzles"[0m
Completed 200 OK in 8ms (Views: 6.5ms | ActiveRecord: 1.4ms)


Started GET "/puzzles.json" for 127.0.0.1 at 2018-03-27 18:50:55 -0400
Processing by PuzzlesController#index as JSON
  [1m[36mPuzzle Load (0.5ms)[0m  [1m[34mSELECT "puzzles".* FROM "puzzles"[0m
Completed 200 OK in 6ms (Views: 4.3ms | ActiveRecord: 0.5ms)


Started GET "/puzzles.json" for 127.0.0.1 at 2018-03-28 11:31:13 -0400
Processing by PuzzlesController#index as JSON
  [1m[36mPuzzle Load (3.3ms)[0m  [1m[34mSELECT "puzzles".* FROM "puzzles"[0m
Completed 200 OK in 18ms (Views: 14.8ms | ActiveRecord: 3.3ms)


Started GET "/puzzles.json" for 127.0.0.1 at 2018-03-28 11:42:37 -0400
Processing by PuzzlesController#index as JSON
  [1m[36mPuzzle Load (0.5ms)[0m  [1m[34mSELECT "puzzles".* FROM "puzzles"[0m
Completed 200 OK in 6ms (Views: 4.5ms | ActiveRecord: 0.5ms)


Started GET "/puzzles.json" for 127.0.0.1 at 2018-03-28 11:44:24 -0400
Processing by PuzzlesController#index as JSON
  [1m[36mPuzzle Load (0.4ms)[0m  [1m[34mSELECT "puzzles".* FROM "puzzles"[0m
Completed 200 OK in 3ms (Views: 2.6ms | ActiveRecord: 0.4ms)


Started GET "/puzzles.json" for 127.0.0.1 at 2018-03-28 11:44:32 -0400
Processing by PuzzlesController#index as JSON
  [1m[36mPuzzle Load (0.4ms)[0m  [1m[34mSELECT "puzzles".* FROM "puzzles"[0m
Completed 200 OK in 6ms (Views: 4.9ms | ActiveRecord: 0.4ms)


Started GET "/puzzles.json" for 127.0.0.1 at 2018-03-28 11:44:50 -0400
Processing by PuzzlesController#index as JSON
  [1m[36mPuzzle Load (0.4ms)[0m  [1m[34mSELECT "puzzles".* FROM "puzzles"[0m
Completed 200 OK in 4ms (Views: 2.8ms | ActiveRecord: 0.4ms)


Started GET "/puzzles.json" for 127.0.0.1 at 2018-03-28 11:45:01 -0400
Processing by PuzzlesController#index as JSON
  [1m[36mPuzzle Load (0.4ms)[0m  [1m[34mSELECT "puzzles".* FROM "puzzles"[0m
Completed 200 OK in 3ms (Views: 2.1ms | ActiveRecord: 0.4ms)


Started GET "/puzzles.json" for 127.0.0.1 at 2018-03-28 12:11:28 -0400
Processing by PuzzlesController#index as JSON
  [1m[36mPuzzle Load (0.3ms)[0m  [1m[34mSELECT "puzzles".* FROM "puzzles"[0m
Completed 200 OK in 3ms (Views: 2.6ms | ActiveRecord: 0.3ms)


Started GET "/puzzles.json" for 127.0.0.1 at 2018-03-28 16:40:12 -0400
  
ActionController::RoutingError (uninitialized constant ApplicationController::Knock):
  
app/controllers/application_controller.rb:2:in `<class:ApplicationController>'
app/controllers/application_controller.rb:1:in `<top (required)>'
app/controllers/puzzles_controller.rb:1:in `<top (required)>'
Started GET "/puzzles.json" for 127.0.0.1 at 2018-03-28 16:50:16 -0400
  
ActionController::RoutingError (uninitialized constant ApplicationController::Knock):
  
app/controllers/application_controller.rb:2:in `<class:ApplicationController>'
app/controllers/application_controller.rb:1:in `<top (required)>'
app/controllers/puzzles_controller.rb:1:in `<top (required)>'
Started GET "/puzzles.json" for 127.0.0.1 at 2018-03-28 16:51:29 -0400
  
ActionController::RoutingError (uninitialized constant ApplicationController::Knock):
  
app/controllers/application_controller.rb:2:in `<class:ApplicationController>'
app/controllers/application_controller.rb:1:in `<top (required)>'
app/controllers/puzzles_controller.rb:1:in `<top (required)>'
Started GET "/puzzles.json" for 127.0.0.1 at 2018-03-28 16:51:34 -0400
  
ActionController::RoutingError (uninitialized constant ApplicationController::Knock):
  
app/controllers/application_controller.rb:2:in `<class:ApplicationController>'
app/controllers/application_controller.rb:1:in `<top (required)>'
app/controllers/puzzles_controller.rb:1:in `<top (required)>'
Started GET "/puzzles.json" for 127.0.0.1 at 2018-03-28 16:53:29 -0400
  
ActionController::RoutingError (uninitialized constant ApplicationController::Knock):
  
app/controllers/application_controller.rb:2:in `<class:ApplicationController>'
app/controllers/application_controller.rb:1:in `<top (required)>'
app/controllers/puzzles_controller.rb:1:in `<top (required)>'
Started GET "/puzzles.json" for 127.0.0.1 at 2018-03-28 16:55:44 -0400
  
ActionController::RoutingError (uninitialized constant ApplicationController::Knock):
  
app/controllers/application_controller.rb:2:in `<class:ApplicationController>'
app/controllers/application_controller.rb:1:in `<top (required)>'
app/controllers/puzzles_controller.rb:1:in `<top (required)>'
Started GET "/puzzles.json" for 127.0.0.1 at 2018-03-28 16:57:06 -0400
  
ActionController::RoutingError (uninitialized constant ApplicationController::Knock):
  
app/controllers/application_controller.rb:2:in `<class:ApplicationController>'
app/controllers/application_controller.rb:1:in `<top (required)>'
app/controllers/puzzles_controller.rb:1:in `<top (required)>'
Started GET "/puzzles.json" for 127.0.0.1 at 2018-03-28 17:01:11 -0400
  
NameError (uninitialized constant Knock):
  
config/routes.rb:6:in `block in <top (required)>'
config/routes.rb:1:in `<top (required)>'
Started GET "/puzzles.json" for 127.0.0.1 at 2018-03-28 17:03:13 -0400
  
ActionController::RoutingError (uninitialized constant ApplicationController::Knock):
  
app/controllers/application_controller.rb:2:in `<class:ApplicationController>'
app/controllers/application_controller.rb:1:in `<top (required)>'
app/controllers/puzzles_controller.rb:1:in `<top (required)>'
Started GET "/puzzles.json" for 127.0.0.1 at 2018-03-28 17:19:43 -0400
  
ActionController::RoutingError (uninitialized constant ApplicationController::Knock):
  
app/controllers/application_controller.rb:2:in `<class:ApplicationController>'
app/controllers/application_controller.rb:1:in `<top (required)>'
app/controllers/puzzles_controller.rb:1:in `<top (required)>'
Started GET "/puzzles.json" for 127.0.0.1 at 2018-03-28 17:20:17 -0400
  
ActionController::RoutingError (uninitialized constant ApplicationController::Knock):
  
app/controllers/application_controller.rb:2:in `<class:ApplicationController>'
app/controllers/application_controller.rb:1:in `<top (required)>'
app/controllers/puzzles_controller.rb:1:in `<top (required)>'
Started GET "/puzzles.json" for 127.0.0.1 at 2018-03-28 17:20:29 -0400
Processing by PuzzlesController#index as JSON
  [1m[36mPuzzle Load (3.1ms)[0m  [1m[34mSELECT "puzzles".* FROM "puzzles"[0m
Completed 200 OK in 24ms (Views: 10.2ms | ActiveRecord: 8.9ms)


Started GET "/puzzles.json" for 127.0.0.1 at 2018-03-28 17:20:45 -0400
Processing by PuzzlesController#index as JSON
  [1m[36mPuzzle Load (0.3ms)[0m  [1m[34mSELECT "puzzles".* FROM "puzzles"[0m
Completed 200 OK in 21ms (Views: 12.5ms | ActiveRecord: 0.3ms)


Started GET "/puzzles.json" for 127.0.0.1 at 2018-03-28 17:25:16 -0400
  
ActionController::RoutingError (uninitialized constant ApplicationController::Knock):
  
app/controllers/application_controller.rb:2:in `<class:ApplicationController>'
app/controllers/application_controller.rb:1:in `<top (required)>'
app/controllers/puzzles_controller.rb:1:in `<top (required)>'
Started GET "/puzzles.json" for 127.0.0.1 at 2018-03-28 17:51:14 -0400
  
ActionController::RoutingError (uninitialized constant Knock):
  
app/controllers/application_controller.rb:2:in `<class:ApplicationController>'
app/controllers/application_controller.rb:1:in `<top (required)>'
app/controllers/puzzles_controller.rb:1:in `<top (required)>'
Started GET "/puzzles.json" for 127.0.0.1 at 2018-03-28 17:53:46 -0400
  [1m[35m (0.8ms)[0m  [1m[34mSELECT "schema_migrations"."version" FROM "schema_migrations" ORDER BY "schema_migrations"."version" ASC[0m
Processing by PuzzlesController#index as JSON
  [1m[36mPuzzle Load (0.8ms)[0m  [1m[34mSELECT "puzzles".* FROM "puzzles"[0m
Completed 200 OK in 40ms (Views: 20.9ms | ActiveRecord: 4.1ms)


Started GET "/puzzles.json" for 127.0.0.1 at 2018-03-28 17:53:52 -0400
Processing by PuzzlesController#index as JSON
  [1m[36mPuzzle Load (0.7ms)[0m  [1m[34mSELECT "puzzles".* FROM "puzzles"[0m
Completed 200 OK in 18ms (Views: 9.6ms | ActiveRecord: 7.9ms)


Started GET "/puzzles.json" for 127.0.0.1 at 2018-03-29 10:31:00 -0400
  [1m[35m (1.7ms)[0m  [1m[34mSELECT "schema_migrations"."version" FROM "schema_migrations" ORDER BY "schema_migrations"."version" ASC[0m
Processing by PuzzlesController#index as JSON
  [1m[36mPuzzle Load (1.3ms)[0m  [1m[34mSELECT "puzzles".* FROM "puzzles"[0m
Completed 200 OK in 47ms (Views: 21.6ms | ActiveRecord: 9.3ms)


Started GET "/puzzles.json" for 127.0.0.1 at 2018-03-29 11:26:48 -0400
  [1m[35m (1.3ms)[0m  [1m[34mSELECT "schema_migrations"."version" FROM "schema_migrations" ORDER BY "schema_migrations"."version" ASC[0m
Processing by PuzzlesController#index as JSON
  [1m[36mPuzzle Load (0.7ms)[0m  [1m[34mSELECT "puzzles".* FROM "puzzles"[0m
Completed 200 OK in 39ms (Views: 18.2ms | ActiveRecord: 8.1ms)


Started GET "/puzzles.json" for 127.0.0.1 at 2018-03-29 11:33:59 -0400
Processing by PuzzlesController#index as JSON
  [1m[36mPuzzle Load (0.9ms)[0m  [1m[34mSELECT "puzzles".* FROM "puzzles"[0m
Completed 200 OK in 25ms (Views: 16.4ms | ActiveRecord: 8.3ms)


Started GET "/puzzles.json" for 127.0.0.1 at 2018-03-29 11:51:54 -0400
Processing by PuzzlesController#index as JSON
  [1m[36mPuzzle Load (0.3ms)[0m  [1m[34mSELECT "puzzles".* FROM "puzzles"[0m
Completed 200 OK in 3ms (Views: 2.5ms | ActiveRecord: 0.3ms)


Started GET "/puzzles.json" for 127.0.0.1 at 2018-03-29 11:52:26 -0400
Processing by PuzzlesController#index as JSON
  [1m[36mPuzzle Load (0.8ms)[0m  [1m[34mSELECT "puzzles".* FROM "puzzles"[0m
Completed 200 OK in 6ms (Views: 4.5ms | ActiveRecord: 0.8ms)


Started GET "/puzzles.json" for 127.0.0.1 at 2018-03-29 11:54:22 -0400
Processing by PuzzlesController#index as JSON
  [1m[36mPuzzle Load (0.4ms)[0m  [1m[34mSELECT "puzzles".* FROM "puzzles"[0m
Completed 200 OK in 3ms (Views: 2.6ms | ActiveRecord: 0.4ms)


Started GET "/puzzles.json" for 127.0.0.1 at 2018-03-29 11:56:15 -0400
Processing by PuzzlesController#index as JSON
  [1m[36mPuzzle Load (1.7ms)[0m  [1m[34mSELECT "puzzles".* FROM "puzzles"[0m
Completed 200 OK in 8ms (Views: 5.2ms | ActiveRecord: 1.7ms)


Started GET "/puzzles.json" for 127.0.0.1 at 2018-03-29 11:57:56 -0400
Processing by PuzzlesController#index as JSON
  [1m[36mPuzzle Load (1.1ms)[0m  [1m[34mSELECT "puzzles".* FROM "puzzles"[0m
Completed 200 OK in 8ms (Views: 6.1ms | ActiveRecord: 1.1ms)


Started GET "/puzzles.json" for 127.0.0.1 at 2018-03-29 12:10:02 -0400
Processing by PuzzlesController#index as JSON
  [1m[36mPuzzle Load (0.4ms)[0m  [1m[34mSELECT "puzzles".* FROM "puzzles"[0m
Completed 200 OK in 4ms (Views: 2.5ms | ActiveRecord: 0.4ms)


Started GET "/puzzles.json" for 127.0.0.1 at 2018-03-29 12:11:24 -0400
Processing by PuzzlesController#index as JSON
  [1m[36mPuzzle Load (0.8ms)[0m  [1m[34mSELECT "puzzles".* FROM "puzzles"[0m
Completed 200 OK in 6ms (Views: 3.9ms | ActiveRecord: 0.8ms)


Started GET "/puzzles.json" for 127.0.0.1 at 2018-03-29 12:11:54 -0400
Processing by PuzzlesController#index as JSON
  [1m[36mPuzzle Load (0.4ms)[0m  [1m[34mSELECT "puzzles".* FROM "puzzles"[0m
Completed 200 OK in 3ms (Views: 2.7ms | ActiveRecord: 0.4ms)


Started GET "/puzzles.json" for 127.0.0.1 at 2018-03-29 12:12:05 -0400
Processing by PuzzlesController#index as JSON
  [1m[36mPuzzle Load (0.4ms)[0m  [1m[34mSELECT "puzzles".* FROM "puzzles"[0m
Completed 200 OK in 3ms (Views: 2.3ms | ActiveRecord: 0.4ms)


Started GET "/puzzles.json" for 127.0.0.1 at 2018-03-29 12:13:48 -0400
Processing by PuzzlesController#index as JSON
  [1m[36mPuzzle Load (0.4ms)[0m  [1m[34mSELECT "puzzles".* FROM "puzzles"[0m
Completed 200 OK in 3ms (Views: 2.3ms | ActiveRecord: 0.4ms)


Started GET "/puzzles.json" for 127.0.0.1 at 2018-03-29 12:16:20 -0400
Processing by PuzzlesController#index as JSON
  [1m[36mPuzzle Load (0.6ms)[0m  [1m[34mSELECT "puzzles".* FROM "puzzles"[0m
Completed 200 OK in 3ms (Views: 2.2ms | ActiveRecord: 0.6ms)


Started GET "/puzzles.json" for 127.0.0.1 at 2018-03-29 12:17:34 -0400
Processing by PuzzlesController#index as JSON
  [1m[36mPuzzle Load (0.4ms)[0m  [1m[34mSELECT "puzzles".* FROM "puzzles"[0m
Completed 200 OK in 3ms (Views: 2.7ms | ActiveRecord: 0.4ms)


Started GET "/puzzles.json" for 127.0.0.1 at 2018-03-29 12:18:47 -0400
Processing by PuzzlesController#index as JSON
  [1m[36mPuzzle Load (0.4ms)[0m  [1m[34mSELECT "puzzles".* FROM "puzzles"[0m
Completed 200 OK in 7ms (Views: 5.8ms | ActiveRecord: 0.4ms)


Started GET "/puzzles.json" for 127.0.0.1 at 2018-03-29 12:18:52 -0400
Processing by PuzzlesController#index as JSON
  [1m[36mPuzzle Load (0.4ms)[0m  [1m[34mSELECT "puzzles".* FROM "puzzles"[0m
Completed 200 OK in 3ms (Views: 2.4ms | ActiveRecord: 0.4ms)


Started GET "/puzzles.json" for 127.0.0.1 at 2018-03-29 12:19:00 -0400
Processing by PuzzlesController#index as JSON
  [1m[36mPuzzle Load (0.3ms)[0m  [1m[34mSELECT "puzzles".* FROM "puzzles"[0m
Completed 200 OK in 3ms (Views: 2.3ms | ActiveRecord: 0.3ms)


Started GET "/puzzles.json" for 127.0.0.1 at 2018-03-29 12:19:04 -0400
Processing by PuzzlesController#index as JSON
  [1m[36mPuzzle Load (0.4ms)[0m  [1m[34mSELECT "puzzles".* FROM "puzzles"[0m
Completed 200 OK in 4ms (Views: 3.1ms | ActiveRecord: 0.4ms)


Started GET "/puzzles.json" for 127.0.0.1 at 2018-03-29 12:19:51 -0400
Processing by PuzzlesController#index as JSON
  [1m[36mPuzzle Load (0.3ms)[0m  [1m[34mSELECT "puzzles".* FROM "puzzles"[0m
Completed 200 OK in 4ms (Views: 3.0ms | ActiveRecord: 0.3ms)


Started GET "/puzzles.json" for 127.0.0.1 at 2018-03-29 12:20:14 -0400
Processing by PuzzlesController#index as JSON
  [1m[36mPuzzle Load (0.4ms)[0m  [1m[34mSELECT "puzzles".* FROM "puzzles"[0m
Completed 200 OK in 4ms (Views: 2.5ms | ActiveRecord: 0.4ms)


